2025-10-27 21:40:36,328 - bot_telegram - WARNING - Nenhum provedor de IA configurado
2025-10-27 21:40:36,589 - bot_telegram - INFO - Iniciando Bot de Telegram JurÃ­dico...
2025-10-27 21:40:36,652 - bot_telegram - INFO - Bot iniciado com sucesso!
2025-10-27 21:40:36,652 - bot_telegram - INFO - ðŸ”„ Bot rodando... Aguardando mensagens no Telegram...
Traceback (most recent call last):
  File "/home/clenio/Documentos/Meusagentes/genesys/products/tier1/venv/lib/python3.12/site-packages/telegram/ext/_application.py", line 1006, in __run
    raise exc
  File "/home/clenio/Documentos/Meusagentes/genesys/products/tier1/venv/lib/python3.12/site-packages/telegram/ext/_application.py", line 995, in __run
    loop.run_until_complete(self.initialize())
  File "/usr/lib/python3.12/asyncio/base_events.py", line 663, in run_until_complete
    self._check_running()
  File "/usr/lib/python3.12/asyncio/base_events.py", line 622, in _check_running
    raise RuntimeError('This event loop is already running')
RuntimeError: This event loop is already running

During handling of the above exception, another exception occurred:

Traceback (most recent call last):
  File "/home/clenio/Documentos/Meusagentes/genesys/products/tier1/venv/lib/python3.12/site-packages/telegram/ext/_application.py", line 1017, in __run
    loop.run_until_complete(self.shutdown())
  File "/usr/lib/python3.12/asyncio/base_events.py", line 663, in run_until_complete
    self._check_running()
  File "/usr/lib/python3.12/asyncio/base_events.py", line 622, in _check_running
    raise RuntimeError('This event loop is already running')
RuntimeError: This event loop is already running

During handling of the above exception, another exception occurred:

Traceback (most recent call last):
  File "/home/clenio/Documentos/Meusagentes/genesys/products/tier1/bot-telegram/src/bot.py", line 112, in <module>
    asyncio.run(main())
  File "/usr/lib/python3.12/asyncio/runners.py", line 194, in run
    return runner.run(main)
           ^^^^^^^^^^^^^^^^
  File "/usr/lib/python3.12/asyncio/runners.py", line 118, in run
    return self._loop.run_until_complete(task)
           ^^^^^^^^^^^^^^^^^^^^^^^^^^^^^^^^^^^
  File "/usr/lib/python3.12/asyncio/base_events.py", line 687, in run_until_complete
    return future.result()
           ^^^^^^^^^^^^^^^
  File "/home/clenio/Documentos/Meusagentes/genesys/products/tier1/bot-telegram/src/bot.py", line 97, in main
    await application.run_polling(
          ^^^^^^^^^^^^^^^^^^^^^^^^
  File "/home/clenio/Documentos/Meusagentes/genesys/products/tier1/venv/lib/python3.12/site-packages/telegram/ext/_application.py", line 818, in run_polling
    return self.__run(
           ^^^^^^^^^^^
  File "/home/clenio/Documentos/Meusagentes/genesys/products/tier1/venv/lib/python3.12/site-packages/telegram/ext/_application.py", line 1022, in __run
    loop.close()
  File "/usr/lib/python3.12/asyncio/unix_events.py", line 68, in close
    super().close()
  File "/usr/lib/python3.12/asyncio/selector_events.py", line 101, in close
    raise RuntimeError("Cannot close a running event loop")
RuntimeError: Cannot close a running event loop
sys:1: RuntimeWarning: coroutine 'Application.shutdown' was never awaited
sys:1: RuntimeWarning: coroutine 'Application.initialize' was never awaited
