2025-10-27 23:46:35,188 - bot_telegram - INFO - Usando Google Gemini como provedor de IA
2025-10-27 23:46:35,428 - bot_telegram - INFO - ü§ñ Iniciando Bot de Telegram com IA...
2025-10-27 23:46:35,487 - bot_telegram - INFO - ‚úÖ Comando /start registrado
2025-10-27 23:46:35,487 - bot_telegram - INFO - ‚úÖ Comando /help registrado
2025-10-27 23:46:35,490 - bot_telegram - INFO - ‚úÖ Todos os comandos registrados
2025-10-27 23:46:35,491 - bot_telegram - INFO - ‚úÖ Handler de mensagens registrado
2025-10-27 23:46:35,491 - bot_telegram - INFO - ‚úÖ Bot com IA iniciado! Aguardando mensagens...
2025-10-27 23:48:02,183 - bot_telegram - INFO - Usu√°rio 180684653 (Clenio_moura): falha na cadeia de custodia
2025-10-27 23:48:02,216 - bot_telegram - ERROR - Erro ao buscar/criar usu√°rio: (psycopg2.OperationalError) connection to server at "localhost" (127.0.0.1), port 5432 failed: FATAL:  password authentication failed for user "genesys"
connection to server at "localhost" (127.0.0.1), port 5432 failed: FATAL:  password authentication failed for user "genesys"

(Background on this error at: https://sqlalche.me/e/20/e3q8)
2025-10-27 23:48:07,779 - bot_telegram - INFO - IA processou mensagem: falha na cadeia de custodia...
2025-10-27 23:48:58,610 - bot_telegram - INFO - Usu√°rio 180684653 (Clenio_moura): cadeia de custodia
2025-10-27 23:48:58,654 - bot_telegram - ERROR - Erro ao buscar/criar usu√°rio: (psycopg2.OperationalError) connection to server at "localhost" (127.0.0.1), port 5432 failed: FATAL:  password authentication failed for user "genesys"
connection to server at "localhost" (127.0.0.1), port 5432 failed: FATAL:  password authentication failed for user "genesys"

(Background on this error at: https://sqlalche.me/e/20/e3q8)
2025-10-27 23:49:03,970 - bot_telegram - INFO - IA processou mensagem: cadeia de custodia...
Error while getting Updates: httpx.ConnectError: [Errno -3] Temporary failure in name resolution
No error handlers are registered, logging exception.
Traceback (most recent call last):
  File "/home/clenio/Documentos/Meusagentes/genesys/products/tier1/venv/lib/python3.12/site-packages/httpx/_transports/default.py", line 66, in map_httpcore_exceptions
    yield
  File "/home/clenio/Documentos/Meusagentes/genesys/products/tier1/venv/lib/python3.12/site-packages/httpx/_transports/default.py", line 366, in handle_async_request
    resp = await self._pool.handle_async_request(req)
           ^^^^^^^^^^^^^^^^^^^^^^^^^^^^^^^^^^^^^^^^^^
  File "/home/clenio/Documentos/Meusagentes/genesys/products/tier1/venv/lib/python3.12/site-packages/httpcore/_async/connection_pool.py", line 256, in handle_async_request
    raise exc from None
  File "/home/clenio/Documentos/Meusagentes/genesys/products/tier1/venv/lib/python3.12/site-packages/httpcore/_async/connection_pool.py", line 236, in handle_async_request
    response = await connection.handle_async_request(
               ^^^^^^^^^^^^^^^^^^^^^^^^^^^^^^^^^^^^^^
  File "/home/clenio/Documentos/Meusagentes/genesys/products/tier1/venv/lib/python3.12/site-packages/httpcore/_async/connection.py", line 101, in handle_async_request
    raise exc
  File "/home/clenio/Documentos/Meusagentes/genesys/products/tier1/venv/lib/python3.12/site-packages/httpcore/_async/connection.py", line 78, in handle_async_request
    stream = await self._connect(request)
             ^^^^^^^^^^^^^^^^^^^^^^^^^^^^
  File "/home/clenio/Documentos/Meusagentes/genesys/products/tier1/venv/lib/python3.12/site-packages/httpcore/_async/connection.py", line 124, in _connect
    stream = await self._network_backend.connect_tcp(**kwargs)
             ^^^^^^^^^^^^^^^^^^^^^^^^^^^^^^^^^^^^^^^^^^^^^^^^^
  File "/home/clenio/Documentos/Meusagentes/genesys/products/tier1/venv/lib/python3.12/site-packages/httpcore/_backends/auto.py", line 31, in connect_tcp
    return await self._backend.connect_tcp(
           ^^^^^^^^^^^^^^^^^^^^^^^^^^^^^^^^
  File "/home/clenio/Documentos/Meusagentes/genesys/products/tier1/venv/lib/python3.12/site-packages/httpcore/_backends/anyio.py", line 113, in connect_tcp
    with map_exceptions(exc_map):
  File "/usr/lib/python3.12/contextlib.py", line 158, in __exit__
    self.gen.throw(value)
  File "/home/clenio/Documentos/Meusagentes/genesys/products/tier1/venv/lib/python3.12/site-packages/httpcore/_exceptions.py", line 14, in map_exceptions
    raise to_exc(exc) from exc
httpcore.ConnectError: [Errno -3] Temporary failure in name resolution

The above exception was the direct cause of the following exception:

Traceback (most recent call last):
  File "/home/clenio/Documentos/Meusagentes/genesys/products/tier1/venv/lib/python3.12/site-packages/telegram/request/_httpxrequest.py", line 268, in do_request
    res = await self._client.request(
          ^^^^^^^^^^^^^^^^^^^^^^^^^^^
  File "/home/clenio/Documentos/Meusagentes/genesys/products/tier1/venv/lib/python3.12/site-packages/httpx/_client.py", line 1530, in request
    return await self.send(request, auth=auth, follow_redirects=follow_redirects)
           ^^^^^^^^^^^^^^^^^^^^^^^^^^^^^^^^^^^^^^^^^^^^^^^^^^^^^^^^^^^^^^^^^^^^^^
  File "/home/clenio/Documentos/Meusagentes/genesys/products/tier1/venv/lib/python3.12/site-packages/httpx/_client.py", line 1617, in send
    response = await self._send_handling_auth(
               ^^^^^^^^^^^^^^^^^^^^^^^^^^^^^^^
  File "/home/clenio/Documentos/Meusagentes/genesys/products/tier1/venv/lib/python3.12/site-packages/httpx/_client.py", line 1645, in _send_handling_auth
    response = await self._send_handling_redirects(
               ^^^^^^^^^^^^^^^^^^^^^^^^^^^^^^^^^^^^
  File "/home/clenio/Documentos/Meusagentes/genesys/products/tier1/venv/lib/python3.12/site-packages/httpx/_client.py", line 1682, in _send_handling_redirects
    response = await self._send_single_request(request)
               ^^^^^^^^^^^^^^^^^^^^^^^^^^^^^^^^^^^^^^^^
  File "/home/clenio/Documentos/Meusagentes/genesys/products/tier1/venv/lib/python3.12/site-packages/httpx/_client.py", line 1719, in _send_single_request
    response = await transport.handle_async_request(request)
               ^^^^^^^^^^^^^^^^^^^^^^^^^^^^^^^^^^^^^^^^^^^^^
  File "/home/clenio/Documentos/Meusagentes/genesys/products/tier1/venv/lib/python3.12/site-packages/httpx/_transports/default.py", line 365, in handle_async_request
    with map_httpcore_exceptions():
  File "/usr/lib/python3.12/contextlib.py", line 158, in __exit__
    self.gen.throw(value)
  File "/home/clenio/Documentos/Meusagentes/genesys/products/tier1/venv/lib/python3.12/site-packages/httpx/_transports/default.py", line 83, in map_httpcore_exceptions
    raise mapped_exc(message) from exc
httpx.ConnectError: [Errno -3] Temporary failure in name resolution

The above exception was the direct cause of the following exception:

Traceback (most recent call last):
  File "/home/clenio/Documentos/Meusagentes/genesys/products/tier1/venv/lib/python3.12/site-packages/telegram/ext/_updater.py", line 688, in _network_loop_retry
    if not await action_cb():
           ^^^^^^^^^^^^^^^^^
  File "/home/clenio/Documentos/Meusagentes/genesys/products/tier1/venv/lib/python3.12/site-packages/telegram/ext/_updater.py", line 384, in polling_action_cb
    raise exc
  File "/home/clenio/Documentos/Meusagentes/genesys/products/tier1/venv/lib/python3.12/site-packages/telegram/ext/_updater.py", line 373, in polling_action_cb
    updates = await self.bot.get_updates(
              ^^^^^^^^^^^^^^^^^^^^^^^^^^^
  File "/home/clenio/Documentos/Meusagentes/genesys/products/tier1/venv/lib/python3.12/site-packages/telegram/ext/_extbot.py", line 558, in get_updates
    updates = await super().get_updates(
              ^^^^^^^^^^^^^^^^^^^^^^^^^^
  File "/home/clenio/Documentos/Meusagentes/genesys/products/tier1/venv/lib/python3.12/site-packages/telegram/_bot.py", line 525, in decorator
    result = await func(self, *args, **kwargs)  # skipcq: PYL-E1102
             ^^^^^^^^^^^^^^^^^^^^^^^^^^^^^^^^^
  File "/home/clenio/Documentos/Meusagentes/genesys/products/tier1/venv/lib/python3.12/site-packages/telegram/_bot.py", line 3584, in get_updates
    await self._post(
  File "/home/clenio/Documentos/Meusagentes/genesys/products/tier1/venv/lib/python3.12/site-packages/telegram/_bot.py", line 613, in _post
    return await self._do_post(
           ^^^^^^^^^^^^^^^^^^^^
  File "/home/clenio/Documentos/Meusagentes/genesys/products/tier1/venv/lib/python3.12/site-packages/telegram/ext/_extbot.py", line 340, in _do_post
    return await super()._do_post(
           ^^^^^^^^^^^^^^^^^^^^^^^
  File "/home/clenio/Documentos/Meusagentes/genesys/products/tier1/venv/lib/python3.12/site-packages/telegram/_bot.py", line 641, in _do_post
    return await request.post(
           ^^^^^^^^^^^^^^^^^^^
  File "/home/clenio/Documentos/Meusagentes/genesys/products/tier1/venv/lib/python3.12/site-packages/telegram/request/_baserequest.py", line 200, in post
    result = await self._request_wrapper(
             ^^^^^^^^^^^^^^^^^^^^^^^^^^^^
  File "/home/clenio/Documentos/Meusagentes/genesys/products/tier1/venv/lib/python3.12/site-packages/telegram/request/_baserequest.py", line 340, in _request_wrapper
    raise exc
  File "/home/clenio/Documentos/Meusagentes/genesys/products/tier1/venv/lib/python3.12/site-packages/telegram/request/_baserequest.py", line 330, in _request_wrapper
    code, payload = await self.do_request(
                    ^^^^^^^^^^^^^^^^^^^^^^
  File "/home/clenio/Documentos/Meusagentes/genesys/products/tier1/venv/lib/python3.12/site-packages/telegram/request/_httpxrequest.py", line 292, in do_request
    raise NetworkError(f"httpx.{err.__class__.__name__}: {err}") from err
telegram.error.NetworkError: httpx.ConnectError: [Errno -3] Temporary failure in name resolution
Error while getting Updates: httpx.ConnectError: [Errno -3] Temporary failure in name resolution
No error handlers are registered, logging exception.
Traceback (most recent call last):
  File "/home/clenio/Documentos/Meusagentes/genesys/products/tier1/venv/lib/python3.12/site-packages/httpx/_transports/default.py", line 66, in map_httpcore_exceptions
    yield
  File "/home/clenio/Documentos/Meusagentes/genesys/products/tier1/venv/lib/python3.12/site-packages/httpx/_transports/default.py", line 366, in handle_async_request
    resp = await self._pool.handle_async_request(req)
           ^^^^^^^^^^^^^^^^^^^^^^^^^^^^^^^^^^^^^^^^^^
  File "/home/clenio/Documentos/Meusagentes/genesys/products/tier1/venv/lib/python3.12/site-packages/httpcore/_async/connection_pool.py", line 256, in handle_async_request
    raise exc from None
  File "/home/clenio/Documentos/Meusagentes/genesys/products/tier1/venv/lib/python3.12/site-packages/httpcore/_async/connection_pool.py", line 236, in handle_async_request
    response = await connection.handle_async_request(
               ^^^^^^^^^^^^^^^^^^^^^^^^^^^^^^^^^^^^^^
  File "/home/clenio/Documentos/Meusagentes/genesys/products/tier1/venv/lib/python3.12/site-packages/httpcore/_async/connection.py", line 101, in handle_async_request
    raise exc
  File "/home/clenio/Documentos/Meusagentes/genesys/products/tier1/venv/lib/python3.12/site-packages/httpcore/_async/connection.py", line 78, in handle_async_request
    stream = await self._connect(request)
             ^^^^^^^^^^^^^^^^^^^^^^^^^^^^
  File "/home/clenio/Documentos/Meusagentes/genesys/products/tier1/venv/lib/python3.12/site-packages/httpcore/_async/connection.py", line 124, in _connect
    stream = await self._network_backend.connect_tcp(**kwargs)
             ^^^^^^^^^^^^^^^^^^^^^^^^^^^^^^^^^^^^^^^^^^^^^^^^^
  File "/home/clenio/Documentos/Meusagentes/genesys/products/tier1/venv/lib/python3.12/site-packages/httpcore/_backends/auto.py", line 31, in connect_tcp
    return await self._backend.connect_tcp(
           ^^^^^^^^^^^^^^^^^^^^^^^^^^^^^^^^
  File "/home/clenio/Documentos/Meusagentes/genesys/products/tier1/venv/lib/python3.12/site-packages/httpcore/_backends/anyio.py", line 113, in connect_tcp
    with map_exceptions(exc_map):
  File "/usr/lib/python3.12/contextlib.py", line 158, in __exit__
    self.gen.throw(value)
  File "/home/clenio/Documentos/Meusagentes/genesys/products/tier1/venv/lib/python3.12/site-packages/httpcore/_exceptions.py", line 14, in map_exceptions
    raise to_exc(exc) from exc
httpcore.ConnectError: [Errno -3] Temporary failure in name resolution

The above exception was the direct cause of the following exception:

Traceback (most recent call last):
  File "/home/clenio/Documentos/Meusagentes/genesys/products/tier1/venv/lib/python3.12/site-packages/telegram/request/_httpxrequest.py", line 268, in do_request
    res = await self._client.request(
          ^^^^^^^^^^^^^^^^^^^^^^^^^^^
  File "/home/clenio/Documentos/Meusagentes/genesys/products/tier1/venv/lib/python3.12/site-packages/httpx/_client.py", line 1530, in request
    return await self.send(request, auth=auth, follow_redirects=follow_redirects)
           ^^^^^^^^^^^^^^^^^^^^^^^^^^^^^^^^^^^^^^^^^^^^^^^^^^^^^^^^^^^^^^^^^^^^^^
  File "/home/clenio/Documentos/Meusagentes/genesys/products/tier1/venv/lib/python3.12/site-packages/httpx/_client.py", line 1617, in send
    response = await self._send_handling_auth(
               ^^^^^^^^^^^^^^^^^^^^^^^^^^^^^^^
  File "/home/clenio/Documentos/Meusagentes/genesys/products/tier1/venv/lib/python3.12/site-packages/httpx/_client.py", line 1645, in _send_handling_auth
    response = await self._send_handling_redirects(
               ^^^^^^^^^^^^^^^^^^^^^^^^^^^^^^^^^^^^
  File "/home/clenio/Documentos/Meusagentes/genesys/products/tier1/venv/lib/python3.12/site-packages/httpx/_client.py", line 1682, in _send_handling_redirects
    response = await self._send_single_request(request)
               ^^^^^^^^^^^^^^^^^^^^^^^^^^^^^^^^^^^^^^^^
  File "/home/clenio/Documentos/Meusagentes/genesys/products/tier1/venv/lib/python3.12/site-packages/httpx/_client.py", line 1719, in _send_single_request
    response = await transport.handle_async_request(request)
               ^^^^^^^^^^^^^^^^^^^^^^^^^^^^^^^^^^^^^^^^^^^^^
  File "/home/clenio/Documentos/Meusagentes/genesys/products/tier1/venv/lib/python3.12/site-packages/httpx/_transports/default.py", line 365, in handle_async_request
    with map_httpcore_exceptions():
  File "/usr/lib/python3.12/contextlib.py", line 158, in __exit__
    self.gen.throw(value)
  File "/home/clenio/Documentos/Meusagentes/genesys/products/tier1/venv/lib/python3.12/site-packages/httpx/_transports/default.py", line 83, in map_httpcore_exceptions
    raise mapped_exc(message) from exc
httpx.ConnectError: [Errno -3] Temporary failure in name resolution

The above exception was the direct cause of the following exception:

Traceback (most recent call last):
  File "/home/clenio/Documentos/Meusagentes/genesys/products/tier1/venv/lib/python3.12/site-packages/telegram/ext/_updater.py", line 688, in _network_loop_retry
    if not await action_cb():
           ^^^^^^^^^^^^^^^^^
  File "/home/clenio/Documentos/Meusagentes/genesys/products/tier1/venv/lib/python3.12/site-packages/telegram/ext/_updater.py", line 384, in polling_action_cb
    raise exc
  File "/home/clenio/Documentos/Meusagentes/genesys/products/tier1/venv/lib/python3.12/site-packages/telegram/ext/_updater.py", line 373, in polling_action_cb
    updates = await self.bot.get_updates(
              ^^^^^^^^^^^^^^^^^^^^^^^^^^^
  File "/home/clenio/Documentos/Meusagentes/genesys/products/tier1/venv/lib/python3.12/site-packages/telegram/ext/_extbot.py", line 558, in get_updates
    updates = await super().get_updates(
              ^^^^^^^^^^^^^^^^^^^^^^^^^^
  File "/home/clenio/Documentos/Meusagentes/genesys/products/tier1/venv/lib/python3.12/site-packages/telegram/_bot.py", line 525, in decorator
    result = await func(self, *args, **kwargs)  # skipcq: PYL-E1102
             ^^^^^^^^^^^^^^^^^^^^^^^^^^^^^^^^^
  File "/home/clenio/Documentos/Meusagentes/genesys/products/tier1/venv/lib/python3.12/site-packages/telegram/_bot.py", line 3584, in get_updates
    await self._post(
  File "/home/clenio/Documentos/Meusagentes/genesys/products/tier1/venv/lib/python3.12/site-packages/telegram/_bot.py", line 613, in _post
    return await self._do_post(
           ^^^^^^^^^^^^^^^^^^^^
  File "/home/clenio/Documentos/Meusagentes/genesys/products/tier1/venv/lib/python3.12/site-packages/telegram/ext/_extbot.py", line 340, in _do_post
    return await super()._do_post(
           ^^^^^^^^^^^^^^^^^^^^^^^
  File "/home/clenio/Documentos/Meusagentes/genesys/products/tier1/venv/lib/python3.12/site-packages/telegram/_bot.py", line 641, in _do_post
    return await request.post(
           ^^^^^^^^^^^^^^^^^^^
  File "/home/clenio/Documentos/Meusagentes/genesys/products/tier1/venv/lib/python3.12/site-packages/telegram/request/_baserequest.py", line 200, in post
    result = await self._request_wrapper(
             ^^^^^^^^^^^^^^^^^^^^^^^^^^^^
  File "/home/clenio/Documentos/Meusagentes/genesys/products/tier1/venv/lib/python3.12/site-packages/telegram/request/_baserequest.py", line 340, in _request_wrapper
    raise exc
  File "/home/clenio/Documentos/Meusagentes/genesys/products/tier1/venv/lib/python3.12/site-packages/telegram/request/_baserequest.py", line 330, in _request_wrapper
    code, payload = await self.do_request(
                    ^^^^^^^^^^^^^^^^^^^^^^
  File "/home/clenio/Documentos/Meusagentes/genesys/products/tier1/venv/lib/python3.12/site-packages/telegram/request/_httpxrequest.py", line 292, in do_request
    raise NetworkError(f"httpx.{err.__class__.__name__}: {err}") from err
telegram.error.NetworkError: httpx.ConnectError: [Errno -3] Temporary failure in name resolution
Error while getting Updates: httpx.ConnectError: [Errno -3] Temporary failure in name resolution
No error handlers are registered, logging exception.
Traceback (most recent call last):
  File "/home/clenio/Documentos/Meusagentes/genesys/products/tier1/venv/lib/python3.12/site-packages/httpx/_transports/default.py", line 66, in map_httpcore_exceptions
    yield
  File "/home/clenio/Documentos/Meusagentes/genesys/products/tier1/venv/lib/python3.12/site-packages/httpx/_transports/default.py", line 366, in handle_async_request
    resp = await self._pool.handle_async_request(req)
           ^^^^^^^^^^^^^^^^^^^^^^^^^^^^^^^^^^^^^^^^^^
  File "/home/clenio/Documentos/Meusagentes/genesys/products/tier1/venv/lib/python3.12/site-packages/httpcore/_async/connection_pool.py", line 256, in handle_async_request
    raise exc from None
  File "/home/clenio/Documentos/Meusagentes/genesys/products/tier1/venv/lib/python3.12/site-packages/httpcore/_async/connection_pool.py", line 236, in handle_async_request
    response = await connection.handle_async_request(
               ^^^^^^^^^^^^^^^^^^^^^^^^^^^^^^^^^^^^^^
  File "/home/clenio/Documentos/Meusagentes/genesys/products/tier1/venv/lib/python3.12/site-packages/httpcore/_async/connection.py", line 101, in handle_async_request
    raise exc
  File "/home/clenio/Documentos/Meusagentes/genesys/products/tier1/venv/lib/python3.12/site-packages/httpcore/_async/connection.py", line 78, in handle_async_request
    stream = await self._connect(request)
             ^^^^^^^^^^^^^^^^^^^^^^^^^^^^
  File "/home/clenio/Documentos/Meusagentes/genesys/products/tier1/venv/lib/python3.12/site-packages/httpcore/_async/connection.py", line 124, in _connect
    stream = await self._network_backend.connect_tcp(**kwargs)
             ^^^^^^^^^^^^^^^^^^^^^^^^^^^^^^^^^^^^^^^^^^^^^^^^^
  File "/home/clenio/Documentos/Meusagentes/genesys/products/tier1/venv/lib/python3.12/site-packages/httpcore/_backends/auto.py", line 31, in connect_tcp
    return await self._backend.connect_tcp(
           ^^^^^^^^^^^^^^^^^^^^^^^^^^^^^^^^
  File "/home/clenio/Documentos/Meusagentes/genesys/products/tier1/venv/lib/python3.12/site-packages/httpcore/_backends/anyio.py", line 113, in connect_tcp
    with map_exceptions(exc_map):
  File "/usr/lib/python3.12/contextlib.py", line 158, in __exit__
    self.gen.throw(value)
  File "/home/clenio/Documentos/Meusagentes/genesys/products/tier1/venv/lib/python3.12/site-packages/httpcore/_exceptions.py", line 14, in map_exceptions
    raise to_exc(exc) from exc
httpcore.ConnectError: [Errno -3] Temporary failure in name resolution

The above exception was the direct cause of the following exception:

Traceback (most recent call last):
  File "/home/clenio/Documentos/Meusagentes/genesys/products/tier1/venv/lib/python3.12/site-packages/telegram/request/_httpxrequest.py", line 268, in do_request
    res = await self._client.request(
          ^^^^^^^^^^^^^^^^^^^^^^^^^^^
  File "/home/clenio/Documentos/Meusagentes/genesys/products/tier1/venv/lib/python3.12/site-packages/httpx/_client.py", line 1530, in request
    return await self.send(request, auth=auth, follow_redirects=follow_redirects)
           ^^^^^^^^^^^^^^^^^^^^^^^^^^^^^^^^^^^^^^^^^^^^^^^^^^^^^^^^^^^^^^^^^^^^^^
  File "/home/clenio/Documentos/Meusagentes/genesys/products/tier1/venv/lib/python3.12/site-packages/httpx/_client.py", line 1617, in send
    response = await self._send_handling_auth(
               ^^^^^^^^^^^^^^^^^^^^^^^^^^^^^^^
  File "/home/clenio/Documentos/Meusagentes/genesys/products/tier1/venv/lib/python3.12/site-packages/httpx/_client.py", line 1645, in _send_handling_auth
    response = await self._send_handling_redirects(
               ^^^^^^^^^^^^^^^^^^^^^^^^^^^^^^^^^^^^
  File "/home/clenio/Documentos/Meusagentes/genesys/products/tier1/venv/lib/python3.12/site-packages/httpx/_client.py", line 1682, in _send_handling_redirects
    response = await self._send_single_request(request)
               ^^^^^^^^^^^^^^^^^^^^^^^^^^^^^^^^^^^^^^^^
  File "/home/clenio/Documentos/Meusagentes/genesys/products/tier1/venv/lib/python3.12/site-packages/httpx/_client.py", line 1719, in _send_single_request
    response = await transport.handle_async_request(request)
               ^^^^^^^^^^^^^^^^^^^^^^^^^^^^^^^^^^^^^^^^^^^^^
  File "/home/clenio/Documentos/Meusagentes/genesys/products/tier1/venv/lib/python3.12/site-packages/httpx/_transports/default.py", line 365, in handle_async_request
    with map_httpcore_exceptions():
  File "/usr/lib/python3.12/contextlib.py", line 158, in __exit__
    self.gen.throw(value)
  File "/home/clenio/Documentos/Meusagentes/genesys/products/tier1/venv/lib/python3.12/site-packages/httpx/_transports/default.py", line 83, in map_httpcore_exceptions
    raise mapped_exc(message) from exc
httpx.ConnectError: [Errno -3] Temporary failure in name resolution

The above exception was the direct cause of the following exception:

Traceback (most recent call last):
  File "/home/clenio/Documentos/Meusagentes/genesys/products/tier1/venv/lib/python3.12/site-packages/telegram/ext/_updater.py", line 688, in _network_loop_retry
    if not await action_cb():
           ^^^^^^^^^^^^^^^^^
  File "/home/clenio/Documentos/Meusagentes/genesys/products/tier1/venv/lib/python3.12/site-packages/telegram/ext/_updater.py", line 384, in polling_action_cb
    raise exc
  File "/home/clenio/Documentos/Meusagentes/genesys/products/tier1/venv/lib/python3.12/site-packages/telegram/ext/_updater.py", line 373, in polling_action_cb
    updates = await self.bot.get_updates(
              ^^^^^^^^^^^^^^^^^^^^^^^^^^^
  File "/home/clenio/Documentos/Meusagentes/genesys/products/tier1/venv/lib/python3.12/site-packages/telegram/ext/_extbot.py", line 558, in get_updates
    updates = await super().get_updates(
              ^^^^^^^^^^^^^^^^^^^^^^^^^^
  File "/home/clenio/Documentos/Meusagentes/genesys/products/tier1/venv/lib/python3.12/site-packages/telegram/_bot.py", line 525, in decorator
    result = await func(self, *args, **kwargs)  # skipcq: PYL-E1102
             ^^^^^^^^^^^^^^^^^^^^^^^^^^^^^^^^^
  File "/home/clenio/Documentos/Meusagentes/genesys/products/tier1/venv/lib/python3.12/site-packages/telegram/_bot.py", line 3584, in get_updates
    await self._post(
  File "/home/clenio/Documentos/Meusagentes/genesys/products/tier1/venv/lib/python3.12/site-packages/telegram/_bot.py", line 613, in _post
    return await self._do_post(
           ^^^^^^^^^^^^^^^^^^^^
  File "/home/clenio/Documentos/Meusagentes/genesys/products/tier1/venv/lib/python3.12/site-packages/telegram/ext/_extbot.py", line 340, in _do_post
    return await super()._do_post(
           ^^^^^^^^^^^^^^^^^^^^^^^
  File "/home/clenio/Documentos/Meusagentes/genesys/products/tier1/venv/lib/python3.12/site-packages/telegram/_bot.py", line 641, in _do_post
    return await request.post(
           ^^^^^^^^^^^^^^^^^^^
  File "/home/clenio/Documentos/Meusagentes/genesys/products/tier1/venv/lib/python3.12/site-packages/telegram/request/_baserequest.py", line 200, in post
    result = await self._request_wrapper(
             ^^^^^^^^^^^^^^^^^^^^^^^^^^^^
  File "/home/clenio/Documentos/Meusagentes/genesys/products/tier1/venv/lib/python3.12/site-packages/telegram/request/_baserequest.py", line 340, in _request_wrapper
    raise exc
  File "/home/clenio/Documentos/Meusagentes/genesys/products/tier1/venv/lib/python3.12/site-packages/telegram/request/_baserequest.py", line 330, in _request_wrapper
    code, payload = await self.do_request(
                    ^^^^^^^^^^^^^^^^^^^^^^
  File "/home/clenio/Documentos/Meusagentes/genesys/products/tier1/venv/lib/python3.12/site-packages/telegram/request/_httpxrequest.py", line 292, in do_request
    raise NetworkError(f"httpx.{err.__class__.__name__}: {err}") from err
telegram.error.NetworkError: httpx.ConnectError: [Errno -3] Temporary failure in name resolution
2025-10-28 06:52:52,210 - bot_telegram - INFO - Usu√°rio 180684653 (Clenio_moura): Oi
2025-10-28 06:52:52,230 - bot_telegram - ERROR - Erro ao buscar/criar usu√°rio: (psycopg2.OperationalError) connection to server at "localhost" (127.0.0.1), port 5432 failed: FATAL:  password authentication failed for user "genesys"
connection to server at "localhost" (127.0.0.1), port 5432 failed: FATAL:  password authentication failed for user "genesys"

(Background on this error at: https://sqlalche.me/e/20/e3q8)
2025-10-28 06:52:55,429 - bot_telegram - INFO - IA processou mensagem: Oi...
2025-10-28 06:54:10,980 - bot_telegram - INFO - Usu√°rio 180684653 (Clenio_moura): cadeia de custodia
2025-10-28 06:54:11,038 - bot_telegram - ERROR - Erro ao buscar/criar usu√°rio: (psycopg2.OperationalError) connection to server at "localhost" (127.0.0.1), port 5432 failed: FATAL:  password authentication failed for user "genesys"
connection to server at "localhost" (127.0.0.1), port 5432 failed: FATAL:  password authentication failed for user "genesys"

(Background on this error at: https://sqlalche.me/e/20/e3q8)
2025-10-28 06:54:26,691 - bot_telegram - INFO - IA processou mensagem: cadeia de custodia...
