2025-10-27 21:40:22,703 - bot_telegram - WARNING - Nenhum provedor de IA configurado
/home/clenio/Documentos/Meusagentes/genesys/products/tier1/bot-telegram/src/bot.py:109: DeprecationWarning: There is no current event loop
  loop = asyncio.get_event_loop()
2025-10-27 21:40:22,946 - bot_telegram - INFO - Iniciando Bot de Telegram JurÃ­dico...
2025-10-27 21:40:23,006 - bot_telegram - INFO - Bot iniciado com sucesso!
2025-10-27 21:40:23,006 - bot_telegram - INFO - ðŸ”„ Bot rodando... Aguardando mensagens no Telegram...
2025-10-27 21:40:25,766 - bot_telegram - INFO - Iniciando Bot de Telegram JurÃ­dico...
2025-10-27 21:40:25,857 - bot_telegram - INFO - Bot iniciado com sucesso!
2025-10-27 21:40:25,857 - bot_telegram - INFO - ðŸ”„ Bot rodando... Aguardando mensagens no Telegram...
Traceback (most recent call last):
  File "/home/clenio/Documentos/Meusagentes/genesys/products/tier1/bot-telegram/src/bot.py", line 110, in <module>
    loop.run_until_complete(main())
  File "/usr/lib/python3.12/asyncio/base_events.py", line 687, in run_until_complete
    return future.result()
           ^^^^^^^^^^^^^^^
  File "/home/clenio/Documentos/Meusagentes/genesys/products/tier1/bot-telegram/src/bot.py", line 97, in main
    async with application:
  File "/home/clenio/Documentos/Meusagentes/genesys/products/tier1/venv/lib/python3.12/site-packages/telegram/ext/_application.py", line 375, in __aexit__
    await self.shutdown()
  File "/home/clenio/Documentos/Meusagentes/genesys/products/tier1/venv/lib/python3.12/site-packages/telegram/ext/_application.py", line 534, in shutdown
    await self.updater.shutdown()
  File "/home/clenio/Documentos/Meusagentes/genesys/products/tier1/venv/lib/python3.12/site-packages/telegram/ext/_updater.py", line 199, in shutdown
    raise RuntimeError("This Updater is still running!")
RuntimeError: This Updater is still running!

During handling of the above exception, another exception occurred:

Traceback (most recent call last):
  File "/home/clenio/Documentos/Meusagentes/genesys/products/tier1/bot-telegram/src/bot.py", line 113, in <module>
    asyncio.run(main())
  File "/usr/lib/python3.12/asyncio/runners.py", line 194, in run
    return runner.run(main)
           ^^^^^^^^^^^^^^^^
  File "/usr/lib/python3.12/asyncio/runners.py", line 118, in run
    return self._loop.run_until_complete(task)
           ^^^^^^^^^^^^^^^^^^^^^^^^^^^^^^^^^^^
  File "/usr/lib/python3.12/asyncio/base_events.py", line 687, in run_until_complete
    return future.result()
           ^^^^^^^^^^^^^^^
  File "/home/clenio/Documentos/Meusagentes/genesys/products/tier1/bot-telegram/src/bot.py", line 97, in main
    async with application:
  File "/home/clenio/Documentos/Meusagentes/genesys/products/tier1/venv/lib/python3.12/site-packages/telegram/ext/_application.py", line 375, in __aexit__
    await self.shutdown()
  File "/home/clenio/Documentos/Meusagentes/genesys/products/tier1/venv/lib/python3.12/site-packages/telegram/ext/_application.py", line 534, in shutdown
    await self.updater.shutdown()
  File "/home/clenio/Documentos/Meusagentes/genesys/products/tier1/venv/lib/python3.12/site-packages/telegram/ext/_updater.py", line 199, in shutdown
    raise RuntimeError("This Updater is still running!")
RuntimeError: This Updater is still running!
